[2023-11-08T13:05:38.750+0000] {taskinstance.py:1087} INFO - Dependencies all met for <TaskInstance: elastic_dag.print_es_info scheduled__2023-11-07T00:00:00+00:00 [queued]>
[2023-11-08T13:05:38.769+0000] {taskinstance.py:1087} INFO - Dependencies all met for <TaskInstance: elastic_dag.print_es_info scheduled__2023-11-07T00:00:00+00:00 [queued]>
[2023-11-08T13:05:38.772+0000] {taskinstance.py:1283} INFO - 
--------------------------------------------------------------------------------
[2023-11-08T13:05:38.774+0000] {taskinstance.py:1284} INFO - Starting attempt 1 of 1
[2023-11-08T13:05:38.774+0000] {taskinstance.py:1285} INFO - 
--------------------------------------------------------------------------------
[2023-11-08T13:05:39.874+0000] {taskinstance.py:1304} INFO - Executing <Task(PythonOperator): print_es_info> on 2023-11-07 00:00:00+00:00
[2023-11-08T13:05:39.884+0000] {standard_task_runner.py:55} INFO - Started process 132 to run task
[2023-11-08T13:05:39.889+0000] {standard_task_runner.py:82} INFO - Running: ['***', 'tasks', 'run', 'elastic_dag', 'print_es_info', 'scheduled__2023-11-07T00:00:00+00:00', '--job-id', '15', '--raw', '--subdir', 'DAGS_FOLDER/elastic_dag.py', '--cfg-path', '/tmp/tmpy11e6k8u']
[2023-11-08T13:05:39.893+0000] {standard_task_runner.py:83} INFO - Job 15: Subtask print_es_info
[2023-11-08T13:05:40.237+0000] {task_command.py:389} INFO - Running <TaskInstance: elastic_dag.print_es_info scheduled__2023-11-07T00:00:00+00:00 [running]> on host 6287529917c2
[2023-11-08T13:05:40.859+0000] {taskinstance.py:1513} INFO - Exporting the following env vars:
AIRFLOW_CTX_DAG_OWNER=***
AIRFLOW_CTX_DAG_ID=elastic_dag
AIRFLOW_CTX_TASK_ID=print_es_info
AIRFLOW_CTX_EXECUTION_DATE=2023-11-07T00:00:00+00:00
AIRFLOW_CTX_TRY_NUMBER=1
AIRFLOW_CTX_DAG_RUN_ID=scheduled__2023-11-07T00:00:00+00:00
[2023-11-08T13:05:40.861+0000] {taskinstance.py:1772} ERROR - Task failed with exception
Traceback (most recent call last):
  File "/home/airflow/.local/lib/python3.7/site-packages/airflow/operators/python.py", line 175, in execute
    return_value = self.execute_callable()
  File "/home/airflow/.local/lib/python3.7/site-packages/airflow/operators/python.py", line 192, in execute_callable
    return self.python_callable(*self.op_args, **self.op_kwargs)
  File "/opt/airflow/dags/elastic_dag.py", line 9, in _print_es_info
    print (hook.info())
AttributeError: 'ElasticsearchPythonHook' object has no attribute 'info'
[2023-11-08T13:05:40.879+0000] {taskinstance.py:1327} INFO - Marking task as FAILED. dag_id=elastic_dag, task_id=print_es_info, execution_date=20231107T000000, start_date=20231108T130538, end_date=20231108T130540
[2023-11-08T13:05:41.248+0000] {standard_task_runner.py:105} ERROR - Failed to execute job 15 for task print_es_info ('ElasticsearchPythonHook' object has no attribute 'info'; 132)
[2023-11-08T13:05:41.271+0000] {local_task_job.py:159} INFO - Task exited with return code 1
[2023-11-08T13:05:41.414+0000] {taskinstance.py:2582} INFO - 0 downstream tasks scheduled from follow-on schedule check
