[2023-11-08T13:49:16.341+0000] {taskinstance.py:1087} INFO - Dependencies all met for <TaskInstance: elastic_dag.print_es_info manual__2023-11-08T13:49:13.022600+00:00 [queued]>
[2023-11-08T13:49:16.356+0000] {taskinstance.py:1087} INFO - Dependencies all met for <TaskInstance: elastic_dag.print_es_info manual__2023-11-08T13:49:13.022600+00:00 [queued]>
[2023-11-08T13:49:16.357+0000] {taskinstance.py:1283} INFO - 
--------------------------------------------------------------------------------
[2023-11-08T13:49:16.358+0000] {taskinstance.py:1284} INFO - Starting attempt 1 of 1
[2023-11-08T13:49:16.359+0000] {taskinstance.py:1285} INFO - 
--------------------------------------------------------------------------------
[2023-11-08T13:49:16.386+0000] {taskinstance.py:1304} INFO - Executing <Task(PythonOperator): print_es_info> on 2023-11-08 13:49:13.022600+00:00
[2023-11-08T13:49:16.394+0000] {standard_task_runner.py:55} INFO - Started process 2593 to run task
[2023-11-08T13:49:16.398+0000] {standard_task_runner.py:82} INFO - Running: ['***', 'tasks', 'run', 'elastic_dag', 'print_es_info', 'manual__2023-11-08T13:49:13.022600+00:00', '--job-id', '27', '--raw', '--subdir', 'DAGS_FOLDER/elastic_dag.py', '--cfg-path', '/tmp/tmpvzeav10u']
[2023-11-08T13:49:16.401+0000] {standard_task_runner.py:83} INFO - Job 27: Subtask print_es_info
[2023-11-08T13:49:16.532+0000] {task_command.py:389} INFO - Running <TaskInstance: elastic_dag.print_es_info manual__2023-11-08T13:49:13.022600+00:00 [running]> on host 6287529917c2
[2023-11-08T13:49:16.741+0000] {taskinstance.py:1513} INFO - Exporting the following env vars:
AIRFLOW_CTX_DAG_OWNER=***
AIRFLOW_CTX_DAG_ID=elastic_dag
AIRFLOW_CTX_TASK_ID=print_es_info
AIRFLOW_CTX_EXECUTION_DATE=2023-11-08T13:49:13.022600+00:00
AIRFLOW_CTX_TRY_NUMBER=1
AIRFLOW_CTX_DAG_RUN_ID=manual__2023-11-08T13:49:13.022600+00:00
[2023-11-08T13:49:16.744+0000] {taskinstance.py:1772} ERROR - Task failed with exception
Traceback (most recent call last):
  File "/home/airflow/.local/lib/python3.7/site-packages/airflow/operators/python.py", line 175, in execute
    return_value = self.execute_callable()
  File "/home/airflow/.local/lib/python3.7/site-packages/airflow/operators/python.py", line 192, in execute_callable
    return self.python_callable(*self.op_args, **self.op_kwargs)
  File "/opt/airflow/dags/elastic_dag.py", line 9, in _print_es_info
    print (hook.get_info())
AttributeError: 'ElasticsearchPythonHook' object has no attribute 'get_info'
[2023-11-08T13:49:16.763+0000] {taskinstance.py:1327} INFO - Marking task as FAILED. dag_id=elastic_dag, task_id=print_es_info, execution_date=20231108T134913, start_date=20231108T134916, end_date=20231108T134916
[2023-11-08T13:49:16.787+0000] {standard_task_runner.py:105} ERROR - Failed to execute job 27 for task print_es_info ('ElasticsearchPythonHook' object has no attribute 'get_info'; 2593)
[2023-11-08T13:49:16.824+0000] {local_task_job.py:159} INFO - Task exited with return code 1
[2023-11-08T13:49:16.851+0000] {taskinstance.py:2582} INFO - 0 downstream tasks scheduled from follow-on schedule check
