[2023-11-07T14:16:49.806+0000] {taskinstance.py:1165} INFO - Dependencies all met for <TaskInstance: elastic_dag.print_es_info scheduled__2023-11-06T00:00:00+00:00 [queued]>
[2023-11-07T14:16:49.822+0000] {taskinstance.py:1165} INFO - Dependencies all met for <TaskInstance: elastic_dag.print_es_info scheduled__2023-11-06T00:00:00+00:00 [queued]>
[2023-11-07T14:16:49.824+0000] {taskinstance.py:1362} INFO - 
--------------------------------------------------------------------------------
[2023-11-07T14:16:49.825+0000] {taskinstance.py:1363} INFO - Starting attempt 1 of 1
[2023-11-07T14:16:49.826+0000] {taskinstance.py:1364} INFO - 
--------------------------------------------------------------------------------
[2023-11-07T14:16:49.845+0000] {taskinstance.py:1383} INFO - Executing <Task(PythonOperator): print_es_info> on 2023-11-06 00:00:00+00:00
[2023-11-07T14:16:49.851+0000] {standard_task_runner.py:55} INFO - Started process 926 to run task
[2023-11-07T14:16:49.854+0000] {standard_task_runner.py:82} INFO - Running: ['***', 'tasks', 'run', 'elastic_dag', 'print_es_info', 'scheduled__2023-11-06T00:00:00+00:00', '--job-id', '534', '--raw', '--subdir', 'DAGS_FOLDER/elastic_dag.py', '--cfg-path', '/tmp/tmpnx0op7ug']
[2023-11-07T14:16:49.856+0000] {standard_task_runner.py:83} INFO - Job 534: Subtask print_es_info
[2023-11-07T14:16:49.924+0000] {task_command.py:376} INFO - Running <TaskInstance: elastic_dag.print_es_info scheduled__2023-11-06T00:00:00+00:00 [running]> on host 193aaf8b1e25
[2023-11-07T14:16:50.013+0000] {taskinstance.py:1592} INFO - Exporting the following env vars:
AIRFLOW_CTX_DAG_OWNER=***
AIRFLOW_CTX_DAG_ID=elastic_dag
AIRFLOW_CTX_TASK_ID=print_es_info
AIRFLOW_CTX_EXECUTION_DATE=2023-11-06T00:00:00+00:00
AIRFLOW_CTX_TRY_NUMBER=1
AIRFLOW_CTX_DAG_RUN_ID=scheduled__2023-11-06T00:00:00+00:00
[2023-11-07T14:16:50.016+0000] {taskinstance.py:1851} ERROR - Task failed with exception
Traceback (most recent call last):
  File "/home/airflow/.local/lib/python3.7/site-packages/airflow/operators/python.py", line 175, in execute
    return_value = self.execute_callable()
  File "/home/airflow/.local/lib/python3.7/site-packages/airflow/operators/python.py", line 193, in execute_callable
    return self.python_callable(*self.op_args, **self.op_kwargs)
  File "/opt/airflow/dags/elastic_dag.py", line 10, in _print_es_info
    print (hook.info())
  File "/opt/airflow/plugins/hooks/elastic/elastic_hook.py", line 24, in info
    return self.es.info()
AttributeError: 'ElasticHook' object has no attribute 'es'
[2023-11-07T14:16:50.053+0000] {taskinstance.py:1406} INFO - Marking task as FAILED. dag_id=elastic_dag, task_id=print_es_info, execution_date=20231106T000000, start_date=20231107T141649, end_date=20231107T141650
[2023-11-07T14:16:50.073+0000] {standard_task_runner.py:105} ERROR - Failed to execute job 534 for task print_es_info ('ElasticHook' object has no attribute 'es'; 926)
[2023-11-07T14:16:50.107+0000] {local_task_job.py:164} INFO - Task exited with return code 1
[2023-11-07T14:16:50.130+0000] {local_task_job.py:273} INFO - 0 downstream tasks scheduled from follow-on schedule check
[2023-11-07T14:44:34.573+0000] {taskinstance.py:1165} INFO - Dependencies all met for <TaskInstance: elastic_dag.print_es_info scheduled__2023-11-06T00:00:00+00:00 [queued]>
[2023-11-07T14:44:34.587+0000] {taskinstance.py:1165} INFO - Dependencies all met for <TaskInstance: elastic_dag.print_es_info scheduled__2023-11-06T00:00:00+00:00 [queued]>
[2023-11-07T14:44:34.588+0000] {taskinstance.py:1362} INFO - 
--------------------------------------------------------------------------------
[2023-11-07T14:44:34.588+0000] {taskinstance.py:1363} INFO - Starting attempt 1 of 1
[2023-11-07T14:44:34.589+0000] {taskinstance.py:1364} INFO - 
--------------------------------------------------------------------------------
[2023-11-07T14:44:34.608+0000] {taskinstance.py:1383} INFO - Executing <Task(PythonOperator): print_es_info> on 2023-11-06 00:00:00+00:00
[2023-11-07T14:44:34.615+0000] {standard_task_runner.py:55} INFO - Started process 249 to run task
[2023-11-07T14:44:34.619+0000] {standard_task_runner.py:82} INFO - Running: ['***', 'tasks', 'run', 'elastic_dag', 'print_es_info', 'scheduled__2023-11-06T00:00:00+00:00', '--job-id', '541', '--raw', '--subdir', 'DAGS_FOLDER/elastic_dag.py', '--cfg-path', '/tmp/tmpjafutbgg']
[2023-11-07T14:44:34.621+0000] {standard_task_runner.py:83} INFO - Job 541: Subtask print_es_info
[2023-11-07T14:44:34.690+0000] {task_command.py:376} INFO - Running <TaskInstance: elastic_dag.print_es_info scheduled__2023-11-06T00:00:00+00:00 [running]> on host 5b8d0c01081f
[2023-11-07T14:44:34.777+0000] {taskinstance.py:1592} INFO - Exporting the following env vars:
AIRFLOW_CTX_DAG_OWNER=***
AIRFLOW_CTX_DAG_ID=elastic_dag
AIRFLOW_CTX_TASK_ID=print_es_info
AIRFLOW_CTX_EXECUTION_DATE=2023-11-06T00:00:00+00:00
AIRFLOW_CTX_TRY_NUMBER=1
AIRFLOW_CTX_DAG_RUN_ID=scheduled__2023-11-06T00:00:00+00:00
[2023-11-07T14:44:34.779+0000] {taskinstance.py:1851} ERROR - Task failed with exception
Traceback (most recent call last):
  File "/home/airflow/.local/lib/python3.7/site-packages/airflow/operators/python.py", line 175, in execute
    return_value = self.execute_callable()
  File "/home/airflow/.local/lib/python3.7/site-packages/airflow/operators/python.py", line 193, in execute_callable
    return self.python_callable(*self.op_args, **self.op_kwargs)
  File "/opt/airflow/dags/elastic_dag.py", line 10, in _print_es_info
    print (hook.info())
  File "/opt/airflow/plugins/hooks/elastic/elastic_hook.py", line 24, in info
    return self.es.info()
AttributeError: 'ElasticHook' object has no attribute 'es'
[2023-11-07T14:44:34.805+0000] {taskinstance.py:1406} INFO - Marking task as FAILED. dag_id=elastic_dag, task_id=print_es_info, execution_date=20231106T000000, start_date=20231107T144434, end_date=20231107T144434
[2023-11-07T14:44:34.821+0000] {standard_task_runner.py:105} ERROR - Failed to execute job 541 for task print_es_info ('ElasticHook' object has no attribute 'es'; 249)
[2023-11-07T14:44:34.871+0000] {local_task_job.py:164} INFO - Task exited with return code 1
[2023-11-07T14:44:34.894+0000] {local_task_job.py:273} INFO - 0 downstream tasks scheduled from follow-on schedule check
