[2023-11-08T14:05:54.094+0000] {taskinstance.py:1087} INFO - Dependencies all met for <TaskInstance: elastic_dag.print_es_info manual__2023-11-08T14:05:50.829221+00:00 [queued]>
[2023-11-08T14:05:54.111+0000] {taskinstance.py:1087} INFO - Dependencies all met for <TaskInstance: elastic_dag.print_es_info manual__2023-11-08T14:05:50.829221+00:00 [queued]>
[2023-11-08T14:05:54.112+0000] {taskinstance.py:1283} INFO - 
--------------------------------------------------------------------------------
[2023-11-08T14:05:54.113+0000] {taskinstance.py:1284} INFO - Starting attempt 1 of 1
[2023-11-08T14:05:54.113+0000] {taskinstance.py:1285} INFO - 
--------------------------------------------------------------------------------
[2023-11-08T14:05:54.140+0000] {taskinstance.py:1304} INFO - Executing <Task(PythonOperator): print_es_info> on 2023-11-08 14:05:50.829221+00:00
[2023-11-08T14:05:54.147+0000] {standard_task_runner.py:55} INFO - Started process 3522 to run task
[2023-11-08T14:05:54.151+0000] {standard_task_runner.py:82} INFO - Running: ['***', 'tasks', 'run', 'elastic_dag', 'print_es_info', 'manual__2023-11-08T14:05:50.829221+00:00', '--job-id', '28', '--raw', '--subdir', 'DAGS_FOLDER/elastic_dag.py', '--cfg-path', '/tmp/tmpv79h_eu_']
[2023-11-08T14:05:54.154+0000] {standard_task_runner.py:83} INFO - Job 28: Subtask print_es_info
[2023-11-08T14:05:54.232+0000] {task_command.py:389} INFO - Running <TaskInstance: elastic_dag.print_es_info manual__2023-11-08T14:05:50.829221+00:00 [running]> on host 6287529917c2
[2023-11-08T14:05:54.320+0000] {taskinstance.py:1513} INFO - Exporting the following env vars:
AIRFLOW_CTX_DAG_OWNER=***
AIRFLOW_CTX_DAG_ID=elastic_dag
AIRFLOW_CTX_TASK_ID=print_es_info
AIRFLOW_CTX_EXECUTION_DATE=2023-11-08T14:05:50.829221+00:00
AIRFLOW_CTX_TRY_NUMBER=1
AIRFLOW_CTX_DAG_RUN_ID=manual__2023-11-08T14:05:50.829221+00:00
[2023-11-08T14:05:54.322+0000] {taskinstance.py:1772} ERROR - Task failed with exception
Traceback (most recent call last):
  File "/home/airflow/.local/lib/python3.7/site-packages/airflow/operators/python.py", line 175, in execute
    return_value = self.execute_callable()
  File "/home/airflow/.local/lib/python3.7/site-packages/airflow/operators/python.py", line 192, in execute_callable
    return self.python_callable(*self.op_args, **self.op_kwargs)
  File "/opt/airflow/dags/elastic_dag.py", line 9, in _print_es_info
    print (hook.get_info())
AttributeError: 'ElasticsearchPythonHook' object has no attribute 'get_info'
[2023-11-08T14:05:54.337+0000] {taskinstance.py:1327} INFO - Marking task as FAILED. dag_id=elastic_dag, task_id=print_es_info, execution_date=20231108T140550, start_date=20231108T140554, end_date=20231108T140554
[2023-11-08T14:05:54.354+0000] {standard_task_runner.py:105} ERROR - Failed to execute job 28 for task print_es_info ('ElasticsearchPythonHook' object has no attribute 'get_info'; 3522)
[2023-11-08T14:05:54.366+0000] {local_task_job.py:159} INFO - Task exited with return code 1
[2023-11-08T14:05:54.388+0000] {taskinstance.py:2582} INFO - 0 downstream tasks scheduled from follow-on schedule check
